<?xml version="1.0" encoding="utf-8"?><testsuites name="pytest tests"><testsuite name="pytest" errors="0" failures="0" skipped="0" tests="19" time="1.924" timestamp="2026-01-22T12:36:02.933520+00:00" hostname="agent-env-e2cf95d0-fa94-4e23-9e9a-6e27211301d6"><testcase classname="tests.test_imovlocal_api.TestHealthCheck" name="test_api_root" time="0.088" /><testcase classname="tests.test_imovlocal_api.TestPropertiesAPI" name="test_list_properties" time="0.040" /><testcase classname="tests.test_imovlocal_api.TestPropertiesAPI" name="test_list_properties_with_filters" time="0.075" /><testcase classname="tests.test_imovlocal_api.TestPropertiesAPI" name="test_list_properties_pagination" time="0.040" /><testcase classname="tests.test_imovlocal_api.TestPropertiesAPI" name="test_get_cities" time="0.038" /><testcase classname="tests.test_imovlocal_api.TestPropertiesAPI" name="test_get_neighborhoods" time="0.032" /><testcase classname="tests.test_imovlocal_api.TestPropertiesAPI" name="test_get_property_by_id" time="0.072" /><testcase classname="tests.test_imovlocal_api.TestPropertiesAPI" name="test_get_nonexistent_property" time="0.036" /><testcase classname="tests.test_imovlocal_api.TestAuthAPI" name="test_login_success" time="0.257" /><testcase classname="tests.test_imovlocal_api.TestAuthAPI" name="test_login_invalid_credentials" time="0.043" /><testcase classname="tests.test_imovlocal_api.TestAuthAPI" name="test_login_missing_fields" time="0.031" /><testcase classname="tests.test_imovlocal_api.TestAuthAPI" name="test_get_profile" time="0.295" /><testcase classname="tests.test_imovlocal_api.TestVisitsAPI" name="test_schedule_visit" time="0.071" /><testcase classname="tests.test_imovlocal_api.TestVisitsAPI" name="test_schedule_visit_validation" time="0.031" /><testcase classname="tests.test_imovlocal_api.TestAdminAPI" name="test_admin_dashboard" time="0.303" /><testcase classname="tests.test_imovlocal_api.TestAdminAPI" name="test_admin_users_list" time="0.297" /><testcase classname="tests.test_imovlocal_api.TestAdminAPI" name="test_admin_unauthorized" time="0.034" /><testcase classname="tests.test_imovlocal_api.TestBannersAPI" name="test_get_active_banners" time="0.032" /><testcase classname="tests.test_imovlocal_api.TestPlansPage" name="test_plans_endpoint_or_static" time="0.042" /></testsuite></testsuites>