<?xml version="1.0" encoding="utf-8"?><testsuites name="pytest tests"><testsuite name="pytest" errors="0" failures="3" skipped="0" tests="19" time="2.091" timestamp="2026-01-22T12:35:24.700374+00:00" hostname="agent-env-e2cf95d0-fa94-4e23-9e9a-6e27211301d6"><testcase classname="tests.test_imovlocal_api.TestHealthCheck" name="test_api_root" time="0.067" /><testcase classname="tests.test_imovlocal_api.TestPropertiesAPI" name="test_list_properties" time="0.052" /><testcase classname="tests.test_imovlocal_api.TestPropertiesAPI" name="test_list_properties_with_filters" time="0.075" /><testcase classname="tests.test_imovlocal_api.TestPropertiesAPI" name="test_list_properties_pagination" time="0.037" /><testcase classname="tests.test_imovlocal_api.TestPropertiesAPI" name="test_get_cities" time="0.042" /><testcase classname="tests.test_imovlocal_api.TestPropertiesAPI" name="test_get_neighborhoods" time="0.038" /><testcase classname="tests.test_imovlocal_api.TestPropertiesAPI" name="test_get_property_by_id" time="0.068" /><testcase classname="tests.test_imovlocal_api.TestPropertiesAPI" name="test_get_nonexistent_property" time="0.041" /><testcase classname="tests.test_imovlocal_api.TestAuthAPI" name="test_login_success" time="0.330" /><testcase classname="tests.test_imovlocal_api.TestAuthAPI" name="test_login_invalid_credentials" time="0.035" /><testcase classname="tests.test_imovlocal_api.TestAuthAPI" name="test_login_missing_fields" time="0.036" /><testcase classname="tests.test_imovlocal_api.TestAuthAPI" name="test_get_profile" time="0.290" /><testcase classname="tests.test_imovlocal_api.TestVisitsAPI" name="test_schedule_visit" time="0.076" /><testcase classname="tests.test_imovlocal_api.TestVisitsAPI" name="test_schedule_visit_validation" time="0.035"><failure message="assert 422 == 400&#10; +  where 422 = &lt;Response [422]&gt;.status_code">tests/test_imovlocal_api.py:219: in test_schedule_visit_validation
    assert response.status_code == 400
E   assert 422 == 400
E    +  where 422 = &lt;Response [422]&gt;.status_code</failure></testcase><testcase classname="tests.test_imovlocal_api.TestAdminAPI" name="test_admin_stats" time="0.293"><failure message="assert 404 == 200&#10; +  where 404 = &lt;Response [404]&gt;.status_code">tests/test_imovlocal_api.py:243: in test_admin_stats
    assert response.status_code == 200
E   assert 404 == 200
E    +  where 404 = &lt;Response [404]&gt;.status_code</failure></testcase><testcase classname="tests.test_imovlocal_api.TestAdminAPI" name="test_admin_users_list" time="0.294" /><testcase classname="tests.test_imovlocal_api.TestAdminAPI" name="test_admin_unauthorized" time="0.032"><failure message="assert 404 in [401, 403]&#10; +  where 404 = &lt;Response [404]&gt;.status_code">tests/test_imovlocal_api.py:262: in test_admin_unauthorized
    assert response.status_code in [401, 403]
E   assert 404 in [401, 403]
E    +  where 404 = &lt;Response [404]&gt;.status_code</failure></testcase><testcase classname="tests.test_imovlocal_api.TestBannersAPI" name="test_get_active_banners" time="0.074" /><testcase classname="tests.test_imovlocal_api.TestPlansPage" name="test_plans_endpoint_or_static" time="0.036" /></testsuite></testsuites>